#
# There is insufficient memory for the Java Runtime Environment to continue.
# Native memory allocation (malloc) failed to allocate 1387072 bytes. Error detail: Chunk::new
# Possible reasons:
#   The system is out of physical RAM or swap space
#   This process is running with CompressedOops enabled, and the Java Heap may be blocking the growth of the native heap
# Possible solutions:
#   Reduce memory load on the system
#   Increase physical memory or swap space
#   Check if swap backing store is full
#   Decrease Java heap size (-Xmx/-Xms)
#   Decrease number of Java threads
#   Decrease Java thread stack sizes (-Xss)
#   Set larger code cache with -XX:ReservedCodeCacheSize=
#   JVM is running with Unscaled Compressed Oops mode in which the Java heap is
#     placed in the first 4GB address space. The Java Heap base address is the
#     maximum limit for the native heap growth. Please use -XX:HeapBaseMinAddress
#     to set the Java Heap base and to place the Java Heap above 4GB virtual address.
# This output file may be truncated or incomplete.
#
#  Out of Memory Error (arena.cpp:168), pid=14284, tid=24528
#
# JRE version: OpenJDK Runtime Environment Temurin-21.0.7+6 (21.0.7+6) (build 21.0.7+6-LTS)
# Java VM: OpenJDK 64-Bit Server VM Temurin-21.0.7+6 (21.0.7+6-LTS, mixed mode, sharing, tiered, compressed oops, compressed class ptrs, parallel gc, windows-amd64)
# No core dump will be written. Minidumps are not enabled by default on client versions of Windows
#

---------------  S U M M A R Y ------------

Command Line: --add-modules=ALL-SYSTEM --add-opens=java.base/java.util=ALL-UNNAMED --add-opens=java.base/java.lang=ALL-UNNAMED --add-opens=java.base/sun.nio.fs=ALL-UNNAMED -Declipse.application=org.eclipse.jdt.ls.core.id1 -Dosgi.bundles.defaultStartLevel=4 -Declipse.product=org.eclipse.jdt.ls.core.product -Djava.import.generatesMetadataFilesAtProjectRoot=false -DDetectVMInstallationsJob.disabled=true -Dfile.encoding=utf8 -XX:+UseParallelGC -XX:GCTimeRatio=4 -XX:AdaptiveSizePolicyWeight=90 -Dsun.zip.disableMemoryMapping=true -Xmx1G -Xms100m -Xlog:disable -javaagent:c:\Users\arbaj\.windsurf\extensions\redhat.java-1.42.0-win32-x64\lombok\lombok-1.18.36.jar -XX:+HeapDumpOnOutOfMemoryError -XX:HeapDumpPath=c:\Users\arbaj\AppData\Roaming\Windsurf\User\workspaceStorage\02b879abb4cc40d939587e20ca47e61a\redhat.java -Daether.dependencyCollector.impl=bf c:\Users\arbaj\.windsurf\extensions\redhat.java-1.42.0-win32-x64\server\plugins\org.eclipse.equinox.launcher_1.7.0.v20250424-1814.jar -configuration c:\Users\arbaj\AppData\Roaming\Windsurf\User\globalStorage\redhat.java\1.42.0\config_win -data c:\Users\arbaj\AppData\Roaming\Windsurf\User\workspaceStorage\02b879abb4cc40d939587e20ca47e61a\redhat.java\jdt_ws --pipe=\\.\pipe\lsp-8c08561b3cec6b0a597be670cc9f6a8f-sock

Host: AMD Ryzen 7 5700U with Radeon Graphics         , 16 cores, 7G,  Windows 11 , 64 bit Build 26100 (10.0.26100.4202)
Time: Sat May 31 15:20:25 2025 India Standard Time elapsed time: 55.021762 seconds (0d 0h 0m 55s)

---------------  T H R E A D  ---------------

Current thread (0x000002ad567fd350):  JavaThread "C2 CompilerThread0" daemon [_thread_in_native, id=24528, stack(0x000000c29b200000,0x000000c29b300000) (1024K)]


Current CompileTask:
C2:55021 15026   !   4       org.eclipse.jdt.internal.core.index.DiskIndex::mergeWith (623 bytes)

Stack: [0x000000c29b200000,0x000000c29b300000]
Native frames: (J=compiled Java code, j=interpreted, Vv=VM code, C=native code)
V  [jvm.dll+0x6ce119]
V  [jvm.dll+0x8a84a1]
V  [jvm.dll+0x8aa9ce]
V  [jvm.dll+0x8ab0b3]
V  [jvm.dll+0x27f8a6]
V  [jvm.dll+0xc507d]
V  [jvm.dll+0xc55b3]
V  [jvm.dll+0x3b692c]
V  [jvm.dll+0x1dfe33]
V  [jvm.dll+0x247c42]
V  [jvm.dll+0x2470cf]
V  [jvm.dll+0x1c760e]
V  [jvm.dll+0x25695a]
V  [jvm.dll+0x254efa]
V  [jvm.dll+0x3f03f6]
V  [jvm.dll+0x851f6b]
V  [jvm.dll+0x6cc7dd]
C  [ucrtbase.dll+0x37b0]
C  [KERNEL32.DLL+0x2e8d7]
C  [ntdll.dll+0x3c34c]


---------------  P R O C E S S  ---------------

Threads class SMR info:
_java_thread_list=0x000002ad5d27e2e0, length=91, elements={
0x000002ad7fed4e70, 0x000002ad1432d7f0, 0x000002ad7ff76270, 0x000002ad7ff7a9e0,
0x000002ad7ff7b630, 0x000002ad7ff7d7e0, 0x000002ad7ff85800, 0x000002ad567fd350,
0x000002ad7ff8c610, 0x000002ad568fcf20, 0x000002ad56b609b0, 0x000002ad5849afc0,
0x000002ad5d270830, 0x000002ad5d2ba080, 0x000002ad5d021610, 0x000002ad5d755800,
0x000002ad5d86ce50, 0x000002ad5d990860, 0x000002ad5d98e100, 0x000002ad5d98e790,
0x000002ad5d98fb40, 0x000002ad5d98da70, 0x000002ad5d9901d0, 0x000002ad5d98ee20,
0x000002ad5e7a0930, 0x000002ad5e79f580, 0x000002ad5e7a1650, 0x000002ad5e7a0fc0,
0x000002ad5e79fc10, 0x000002ad5e79eef0, 0x000002ad5e7a02a0, 0x000002ad5e79e1d0,
0x000002ad5e79e860, 0x000002ad5ebb2af0, 0x000002ad5ebb3810, 0x000002ad5ebb5f70,
0x000002ad5ebb58e0, 0x000002ad5ebb5250, 0x000002ad5ebb6600, 0x000002ad5ebb3180,
0x000002ad5ebb6c90, 0x000002ad5ebb7320, 0x000002ad5ebb3ea0, 0x000002ad5ebb79b0,
0x000002ad5ebb4530, 0x000002ad5ebb86d0, 0x000002ad5ebb9a80, 0x000002ad5ebb8d60,
0x000002ad5ebba110, 0x000002ad5d990ef0, 0x000002ad5e49f4d0, 0x000002ad5e49fb60,
0x000002ad5e4a01f0, 0x000002ad5e4a15a0, 0x000002ad5e49e7b0, 0x000002ad5e4a0880,
0x000002ad5e4a1c30, 0x000002ad5e4a22c0, 0x000002ad5e4a0f10, 0x000002ad5e49ee40,
0x000002ad5e4a5dd0, 0x000002ad5e4a5740, 0x000002ad5e4a2fe0, 0x000002ad5e4a3670,
0x000002ad5e4a3d00, 0x000002ad5e4a4390, 0x000002ad5e4a4a20, 0x000002ad5e4a50b0,
0x000002ad5f9188c0, 0x000002ad5f918f50, 0x000002ad5f916160, 0x000002ad5f918230,
0x000002ad5f9167f0, 0x000002ad5f916e80, 0x000002ad5f917510, 0x000002ad5f917ba0,
0x000002ad5f915ad0, 0x000002ad5f91b020, 0x000002ad5f919c70, 0x000002ad5f91c3d0,
0x000002ad5f9195e0, 0x000002ad5f91b6b0, 0x000002ad5f91a300, 0x000002ad5ebb4bc0,
0x000002ad6c7a46b0, 0x000002ad6c7a6e10, 0x000002ad6c7a60f0, 0x000002ad6c7a4d40,
0x000002ad6c7a6780, 0x000002ad6c7a4020, 0x000002ad6c7a3990
}

Java Threads: ( => current thread )
  0x000002ad7fed4e70 JavaThread "main"                              [_thread_blocked, id=21868, stack(0x000000c29a800000,0x000000c29a900000) (1024K)]
  0x000002ad1432d7f0 JavaThread "Reference Handler"          daemon [_thread_blocked, id=26456, stack(0x000000c29ac00000,0x000000c29ad00000) (1024K)]
  0x000002ad7ff76270 JavaThread "Finalizer"                  daemon [_thread_blocked, id=10388, stack(0x000000c29ad00000,0x000000c29ae00000) (1024K)]
  0x000002ad7ff7a9e0 JavaThread "Signal Dispatcher"          daemon [_thread_blocked, id=31720, stack(0x000000c29ae00000,0x000000c29af00000) (1024K)]
  0x000002ad7ff7b630 JavaThread "Attach Listener"            daemon [_thread_blocked, id=8936, stack(0x000000c29af00000,0x000000c29b000000) (1024K)]
  0x000002ad7ff7d7e0 JavaThread "Service Thread"             daemon [_thread_blocked, id=24412, stack(0x000000c29b000000,0x000000c29b100000) (1024K)]
  0x000002ad7ff85800 JavaThread "Monitor Deflation Thread"   daemon [_thread_blocked, id=30592, stack(0x000000c29b100000,0x000000c29b200000) (1024K)]
=>0x000002ad567fd350 JavaThread "C2 CompilerThread0"         daemon [_thread_in_native, id=24528, stack(0x000000c29b200000,0x000000c29b300000) (1024K)]
  0x000002ad7ff8c610 JavaThread "C1 CompilerThread0"         daemon [_thread_blocked, id=21156, stack(0x000000c29b300000,0x000000c29b400000) (1024K)]
  0x000002ad568fcf20 JavaThread "Common-Cleaner"             daemon [_thread_blocked, id=29836, stack(0x000000c29b400000,0x000000c29b500000) (1024K)]
  0x000002ad56b609b0 JavaThread "Notification Thread"        daemon [_thread_blocked, id=28232, stack(0x000000c29b800000,0x000000c29b900000) (1024K)]
  0x000002ad5849afc0 JavaThread "Active Thread: Equinox Container: 3f693dbf-d7bd-476f-a2f0-aa5bafbd332f"        [_thread_blocked, id=20348, stack(0x000000c29c000000,0x000000c29c100000) (1024K)]
  0x000002ad5d270830 JavaThread "Refresh Thread: Equinox Container: 3f693dbf-d7bd-476f-a2f0-aa5bafbd332f" daemon [_thread_blocked, id=6548, stack(0x000000c29c200000,0x000000c29c300000) (1024K)]
  0x000002ad5d2ba080 JavaThread "Framework Event Dispatcher: Equinox Container: 3f693dbf-d7bd-476f-a2f0-aa5bafbd332f" daemon [_thread_blocked, id=25892, stack(0x000000c29c300000,0x000000c29c400000) (1024K)]
  0x000002ad5d021610 JavaThread "Start Level: Equinox Container: 3f693dbf-d7bd-476f-a2f0-aa5bafbd332f" daemon [_thread_blocked, id=30708, stack(0x000000c29c400000,0x000000c29c500000) (1024K)]
  0x000002ad5d755800 JavaThread "Bundle File Closer"         daemon [_thread_blocked, id=19084, stack(0x000000c29c800000,0x000000c29c900000) (1024K)]
  0x000002ad5d86ce50 JavaThread "SCR Component Actor"        daemon [_thread_blocked, id=29156, stack(0x000000c29b900000,0x000000c29ba00000) (1024K)]
  0x000002ad5d990860 JavaThread "Worker-JM"                         [_thread_blocked, id=13084, stack(0x000000c29cc00000,0x000000c29cd00000) (1024K)]
  0x000002ad5d98e100 JavaThread "JNA Cleaner"                daemon [_thread_blocked, id=27064, stack(0x000000c29cb00000,0x000000c29cc00000) (1024K)]
  0x000002ad5d98e790 JavaThread "Worker-0"                          [_thread_blocked, id=25900, stack(0x000000c29ce00000,0x000000c29cf00000) (1024K)]
  0x000002ad5d98fb40 JavaThread "Worker-1: Initialize Workspace"        [_thread_blocked, id=22900, stack(0x000000c29cf00000,0x000000c29d000000) (1024K)]
  0x000002ad5d98da70 JavaThread "Worker-2"                          [_thread_blocked, id=16180, stack(0x000000c29d100000,0x000000c29d200000) (1024K)]
  0x000002ad5d9901d0 JavaThread "Java indexing"              daemon [_thread_in_native, id=12588, stack(0x000000c29d200000,0x000000c29d300000) (1024K)]
  0x000002ad5d98ee20 JavaThread "Worker-3"                          [_thread_blocked, id=17996, stack(0x000000c29d300000,0x000000c29d400000) (1024K)]
  0x000002ad5e7a0930 JavaThread "Worker-4: Java indexing... "        [_thread_blocked, id=2064, stack(0x000000c29d600000,0x000000c29d700000) (1024K)]
  0x000002ad5e79f580 JavaThread "Thread-2"                   daemon [_thread_in_native, id=4316, stack(0x000000c29d700000,0x000000c29d800000) (1024K)]
  0x000002ad5e7a1650 JavaThread "Thread-3"                   daemon [_thread_in_native, id=18412, stack(0x000000c29d800000,0x000000c29d900000) (1024K)]
  0x000002ad5e7a0fc0 JavaThread "Thread-4"                   daemon [_thread_in_native, id=8896, stack(0x000000c29d900000,0x000000c29da00000) (1024K)]
  0x000002ad5e79fc10 JavaThread "Thread-5"                   daemon [_thread_in_native, id=7592, stack(0x000000c29da00000,0x000000c29db00000) (1024K)]
  0x000002ad5e79eef0 JavaThread "Thread-6"                   daemon [_thread_in_native, id=13280, stack(0x000000c29db00000,0x000000c29dc00000) (1024K)]
  0x000002ad5e7a02a0 JavaThread "Thread-7"                   daemon [_thread_in_native, id=18144, stack(0x000000c29dc00000,0x000000c29dd00000) (1024K)]
  0x000002ad5e79e1d0 JavaThread "Thread-8"                   daemon [_thread_in_native, id=16368, stack(0x000000c29dd00000,0x000000c29de00000) (1024K)]
  0x000002ad5e79e860 JavaThread "Thread-9"                   daemon [_thread_in_native, id=11564, stack(0x000000c29de00000,0x000000c29df00000) (1024K)]
  0x000002ad5ebb2af0 JavaThread "Thread-10"                  daemon [_thread_in_native, id=12164, stack(0x000000c29df00000,0x000000c29e000000) (1024K)]
  0x000002ad5ebb3810 JavaThread "Thread-11"                  daemon [_thread_in_native, id=11276, stack(0x000000c29e000000,0x000000c29e100000) (1024K)]
  0x000002ad5ebb5f70 JavaThread "Thread-12"                  daemon [_thread_in_native, id=9856, stack(0x000000c29e100000,0x000000c29e200000) (1024K)]
  0x000002ad5ebb58e0 JavaThread "Thread-13"                  daemon [_thread_in_native, id=12096, stack(0x000000c29e200000,0x000000c29e300000) (1024K)]
  0x000002ad5ebb5250 JavaThread "Thread-14"                  daemon [_thread_in_native, id=2120, stack(0x000000c29e300000,0x000000c29e400000) (1024K)]
  0x000002ad5ebb6600 JavaThread "Thread-15"                  daemon [_thread_in_native, id=12340, stack(0x000000c29e400000,0x000000c29e500000) (1024K)]
  0x000002ad5ebb3180 JavaThread "Thread-16"                  daemon [_thread_in_native, id=4628, stack(0x000000c29e500000,0x000000c29e600000) (1024K)]
  0x000002ad5ebb6c90 JavaThread "Thread-17"                  daemon [_thread_in_native, id=18464, stack(0x000000c29e600000,0x000000c29e700000) (1024K)]
  0x000002ad5ebb7320 JavaThread "Thread-18"                  daemon [_thread_in_native, id=18468, stack(0x000000c29e700000,0x000000c29e800000) (1024K)]
  0x000002ad5ebb3ea0 JavaThread "pool-2-thread-1"                   [_thread_blocked, id=29932, stack(0x000000c29e800000,0x000000c29e900000) (1024K)]
  0x000002ad5ebb79b0 JavaThread "WorkspaceEventsHandler"            [_thread_blocked, id=27448, stack(0x000000c29d000000,0x000000c29d100000) (1024K)]
  0x000002ad5ebb4530 JavaThread "pool-1-thread-1"                   [_thread_blocked, id=24112, stack(0x000000c29e900000,0x000000c29ea00000) (1024K)]
  0x000002ad5ebb86d0 JavaThread "Worker-5: Initialize workspace"        [_thread_blocked, id=28892, stack(0x000000c29eb00000,0x000000c29ec00000) (1024K)]
  0x000002ad5ebb9a80 JavaThread "LocalFile Deleter"          daemon [_thread_blocked, id=17684, stack(0x000000c29b600000,0x000000c29b700000) (1024K)]
  0x000002ad5ebb8d60 JavaThread "LocalFile Deleter"          daemon [_thread_blocked, id=9988, stack(0x000000c29b700000,0x000000c29b800000) (1024K)]
  0x000002ad5ebba110 JavaThread "LocalFile Deleter"          daemon [_thread_blocked, id=5604, stack(0x000000c29ec00000,0x000000c29ed00000) (1024K)]
  0x000002ad5d990ef0 JavaThread "LocalFile Deleter"          daemon [_thread_blocked, id=18864, stack(0x000000c29ed00000,0x000000c29ee00000) (1024K)]
  0x000002ad5e49f4d0 JavaThread "LocalFile Deleter"          daemon [_thread_blocked, id=5696, stack(0x000000c29ee00000,0x000000c29ef00000) (1024K)]
  0x000002ad5e49fb60 JavaThread "LocalFile Deleter"          daemon [_thread_blocked, id=11372, stack(0x000000c29ef00000,0x000000c29f000000) (1024K)]
  0x000002ad5e4a01f0 JavaThread "LocalFile Deleter"          daemon [_thread_blocked, id=9588, stack(0x000000c29f000000,0x000000c29f100000) (1024K)]
  0x000002ad5e4a15a0 JavaThread "LocalFile Deleter"          daemon [_thread_blocked, id=10392, stack(0x000000c29f100000,0x000000c29f200000) (1024K)]
  0x000002ad5e49e7b0 JavaThread "LocalFile Deleter"          daemon [_thread_blocked, id=17844, stack(0x000000c29f200000,0x000000c29f300000) (1024K)]
  0x000002ad5e4a0880 JavaThread "LocalFile Deleter"          daemon [_thread_blocked, id=20144, stack(0x000000c29f300000,0x000000c29f400000) (1024K)]
  0x000002ad5e4a1c30 JavaThread "LocalFile Deleter"          daemon [_thread_blocked, id=24940, stack(0x000000c29f400000,0x000000c29f500000) (1024K)]
  0x000002ad5e4a22c0 JavaThread "LocalFile Deleter"          daemon [_thread_blocked, id=24512, stack(0x000000c29f500000,0x000000c29f600000) (1024K)]
  0x000002ad5e4a0f10 JavaThread "LocalFile Deleter"          daemon [_thread_blocked, id=28896, stack(0x000000c29f600000,0x000000c29f700000) (1024K)]
  0x000002ad5e49ee40 JavaThread "LocalFile Deleter"          daemon [_thread_blocked, id=14252, stack(0x000000c29f700000,0x000000c29f800000) (1024K)]
  0x000002ad5e4a5dd0 JavaThread "LocalFile Deleter"          daemon [_thread_blocked, id=30884, stack(0x000000c29f800000,0x000000c29f900000) (1024K)]
  0x000002ad5e4a5740 JavaThread "LocalFile Deleter"          daemon [_thread_blocked, id=30464, stack(0x000000c29f900000,0x000000c29fa00000) (1024K)]
  0x000002ad5e4a2fe0 JavaThread "Compiler Source File Reader" daemon [_thread_blocked, id=14628, stack(0x000000c29fa00000,0x000000c29fb00000) (1024K)]
  0x000002ad5e4a3670 JavaThread "Compiler Source File Reader" daemon [_thread_blocked, id=17124, stack(0x000000c29fb00000,0x000000c29fc00000) (1024K)]
  0x000002ad5e4a3d00 JavaThread "Compiler Source File Reader" daemon [_thread_blocked, id=15352, stack(0x000000c29fc00000,0x000000c29fd00000) (1024K)]
  0x000002ad5e4a4390 JavaThread "Compiler Source File Reader" daemon [_thread_blocked, id=8712, stack(0x000000c29fd00000,0x000000c29fe00000) (1024K)]
  0x000002ad5e4a4a20 JavaThread "Compiler Source File Reader" daemon [_thread_blocked, id=15144, stack(0x000000c29fe00000,0x000000c29ff00000) (1024K)]
  0x000002ad5e4a50b0 JavaThread "Compiler Source File Reader" daemon [_thread_blocked, id=19948, stack(0x000000c29ff00000,0x000000c2a0000000) (1024K)]
  0x000002ad5f9188c0 JavaThread "Compiler Source File Reader" daemon [_thread_blocked, id=30844, stack(0x000000c2a0000000,0x000000c2a0100000) (1024K)]
  0x000002ad5f918f50 JavaThread "Compiler Source File Reader" daemon [_thread_blocked, id=26240, stack(0x000000c2a0100000,0x000000c2a0200000) (1024K)]
  0x000002ad5f916160 JavaThread "Compiler Source File Reader" daemon [_thread_blocked, id=13096, stack(0x000000c2a0200000,0x000000c2a0300000) (1024K)]
  0x000002ad5f918230 JavaThread "Compiler Source File Reader" daemon [_thread_blocked, id=31412, stack(0x000000c2a0300000,0x000000c2a0400000) (1024K)]
  0x000002ad5f9167f0 JavaThread "Compiler Source File Reader" daemon [_thread_blocked, id=17032, stack(0x000000c2a0400000,0x000000c2a0500000) (1024K)]
  0x000002ad5f916e80 JavaThread "Compiler Source File Reader" daemon [_thread_blocked, id=12220, stack(0x000000c2a0500000,0x000000c2a0600000) (1024K)]
  0x000002ad5f917510 JavaThread "Compiler Source File Reader" daemon [_thread_blocked, id=19616, stack(0x000000c2a0600000,0x000000c2a0700000) (1024K)]
  0x000002ad5f917ba0 JavaThread "Compiler Source File Reader" daemon [_thread_blocked, id=4192, stack(0x000000c2a0700000,0x000000c2a0800000) (1024K)]
  0x000002ad5f915ad0 JavaThread "Compiler Processing Task"   daemon [_thread_blocked, id=20220, stack(0x000000c2a0b00000,0x000000c2a0c00000) (1024K)]
  0x000002ad5f91b020 JavaThread "Compiler Class File Writer" daemon [_thread_blocked, id=31224, stack(0x000000c2a0d00000,0x000000c2a0e00000) (1024K)]
  0x000002ad5f919c70 JavaThread "Compiler Class File Writer" daemon [_thread_blocked, id=29880, stack(0x000000c2a0e00000,0x000000c2a0f00000) (1024K)]
  0x000002ad5f91c3d0 JavaThread "Compiler Class File Writer" daemon [_thread_blocked, id=27580, stack(0x000000c2a0f00000,0x000000c2a1000000) (1024K)]
  0x000002ad5f9195e0 JavaThread "Compiler Class File Writer" daemon [_thread_blocked, id=27600, stack(0x000000c2a1000000,0x000000c2a1100000) (1024K)]
  0x000002ad5f91b6b0 JavaThread "Compiler Class File Writer" daemon [_thread_blocked, id=9732, stack(0x000000c2a1100000,0x000000c2a1200000) (1024K)]
  0x000002ad5f91a300 JavaThread "Compiler Class File Writer" daemon [_thread_blocked, id=13728, stack(0x000000c2a1200000,0x000000c2a1300000) (1024K)]
  0x000002ad5ebb4bc0 JavaThread "Compiler Class File Writer" daemon [_thread_blocked, id=30840, stack(0x000000c2a1300000,0x000000c2a1400000) (1024K)]
  0x000002ad6c7a46b0 JavaThread "Compiler Class File Writer" daemon [_thread_blocked, id=7764, stack(0x000000c2a1400000,0x000000c2a1500000) (1024K)]
  0x000002ad6c7a6e10 JavaThread "Compiler Class File Writer" daemon [_thread_blocked, id=30712, stack(0x000000c2a1500000,0x000000c2a1600000) (1024K)]
  0x000002ad6c7a60f0 JavaThread "Compiler Class File Writer" daemon [_thread_blocked, id=29436, stack(0x000000c2a1600000,0x000000c2a1700000) (1024K)]
  0x000002ad6c7a4d40 JavaThread "Compiler Class File Writer" daemon [_thread_blocked, id=15868, stack(0x000000c2a1700000,0x000000c2a1800000) (1024K)]
  0x000002ad6c7a6780 JavaThread "Compiler Class File Writer" daemon [_thread_blocked, id=29240, stack(0x000000c2a1800000,0x000000c2a1900000) (1024K)]
  0x000002ad6c7a4020 JavaThread "Compiler Class File Writer" daemon [_thread_blocked, id=6480, stack(0x000000c2a1900000,0x000000c2a1a00000) (1024K)]
  0x000002ad6c7a3990 JavaThread "Compiler Class File Writer" daemon [_thread_blocked, id=10036, stack(0x000000c2a1a00000,0x000000c2a1b00000) (1024K)]
Total: 91

Other Threads:
  0x000002ad7ff73ab0 VMThread "VM Thread"                           [id=11616, stack(0x000000c29ab00000,0x000000c29ac00000) (1024K)]
  0x000002ad1420ca00 WatcherThread "VM Periodic Task Thread"        [id=15416, stack(0x000000c29aa00000,0x000000c29ab00000) (1024K)]
  0x000002ad7fef4070 WorkerThread "GC Thread#0"                     [id=28260, stack(0x000000c29a900000,0x000000c29aa00000) (1024K)]
  0x000002ad5860dd70 WorkerThread "GC Thread#1"                     [id=22228, stack(0x000000c29ba00000,0x000000c29bb00000) (1024K)]
  0x000002ad58534940 WorkerThread "GC Thread#2"                     [id=29092, stack(0x000000c29bb00000,0x000000c29bc00000) (1024K)]
  0x000002ad5847e4b0 WorkerThread "GC Thread#3"                     [id=30792, stack(0x000000c29bc00000,0x000000c29bd00000) (1024K)]
  0x000002ad58486bf0 WorkerThread "GC Thread#4"                     [id=18360, stack(0x000000c29bd00000,0x000000c29be00000) (1024K)]
  0x000002ad584a93b0 WorkerThread "GC Thread#5"                     [id=5156, stack(0x000000c29be00000,0x000000c29bf00000) (1024K)]
  0x000002ad585009e0 WorkerThread "GC Thread#6"                     [id=27668, stack(0x000000c29bf00000,0x000000c29c000000) (1024K)]
  0x000002ad588137b0 WorkerThread "GC Thread#7"                     [id=12048, stack(0x000000c29c100000,0x000000c29c200000) (1024K)]
  0x000002ad5d2aba40 WorkerThread "GC Thread#8"                     [id=11392, stack(0x000000c29c500000,0x000000c29c600000) (1024K)]
  0x000002ad5d2ad000 WorkerThread "GC Thread#9"                     [id=14256, stack(0x000000c29c600000,0x000000c29c700000) (1024K)]
  0x000002ad5d2ad3a0 WorkerThread "GC Thread#10"                    [id=29360, stack(0x000000c29c700000,0x000000c29c800000) (1024K)]
  0x000002ad5d2ac180 WorkerThread "GC Thread#11"                    [id=4912, stack(0x000000c29ca00000,0x000000c29cb00000) (1024K)]
  0x000002ad5d2ac8c0 WorkerThread "GC Thread#12"                    [id=27620, stack(0x000000c29cd00000,0x000000c29ce00000) (1024K)]
Total: 15

Threads with active compile tasks:
C2 CompilerThread0  55078 15026   !   4       org.eclipse.jdt.internal.core.index.DiskIndex::mergeWith (623 bytes)
Total: 1

VM state: not at safepoint (normal execution)

VM Mutex/Monitor currently owned by a thread: None

Heap address: 0x00000000c0000000, size: 1024 MB, Compressed Oops mode: 32-bit

CDS archive(s) mapped at: [0x000002ad15000000-0x000002ad15ba0000-0x000002ad15ba0000), size 12189696, SharedBaseAddress: 0x000002ad15000000, ArchiveRelocationMode: 1.
Compressed class space mapped at: 0x000002ad16000000-0x000002ad56000000, reserved size: 1073741824
Narrow klass base: 0x000002ad15000000, Narrow klass shift: 0, Narrow klass range: 0x100000000

GC Precious Log:
 CardTable entry size: 512
 CPUs: 16 total, 16 available
 Memory: 7501M
 Large Page Support: Disabled
 NUMA Support: Disabled
 Compressed Oops: Enabled (32-bit)
 Alignments: Space 512K, Generation 512K, Heap 2M
 Heap Min Capacity: 100M
 Heap Initial Capacity: 100M
 Heap Max Capacity: 1G
 Pre-touch: Disabled
 Parallel Workers: 13

Heap:
 PSYoungGen      total 5632K, used 2345K [0x00000000eab00000, 0x00000000eb200000, 0x0000000100000000)
  eden space 4096K, 29% used [0x00000000eab00000,0x00000000eac29bc0,0x00000000eaf00000)
  from space 1536K, 75% used [0x00000000eaf00000,0x00000000eb020c00,0x00000000eb080000)
  to   space 1536K, 0% used [0x00000000eb080000,0x00000000eb080000,0x00000000eb200000)
 ParOldGen       total 660480K, used 660251K [0x00000000c0000000, 0x00000000e8500000, 0x00000000eab00000)
  object space 660480K, 99% used [0x00000000c0000000,0x00000000e84c6e10,0x00000000e8500000)
 Metaspace       used 69419K, committed 70912K, reserved 1114112K
  class space    used 6974K, committed 7616K, reserved 1048576K

Card table byte_map: [0x000002ad7f870000,0x000002ad7fa80000] _byte_map_base: 0x000002ad7f270000

Marking Bits: (ParMarkBitMap*) 0x00007ffad6b431f0
 Begin Bits: [0x000002ad12130000, 0x000002ad13130000)
 End Bits:   [0x000002ad13130000, 0x000002ad14130000)

Polling page: 0x000002ad7dae0000

Metaspace:

Usage:
  Non-class:     60.98 MB used.
      Class:      6.81 MB used.
       Both:     67.79 MB used.

Virtual space:
  Non-class space:       64.00 MB reserved,      61.81 MB ( 97%) committed,  1 nodes.
      Class space:        1.00 GB reserved,       7.44 MB ( <1%) committed,  1 nodes.
             Both:        1.06 GB reserved,      69.25 MB (  6%) committed. 

Chunk freelists:
   Non-Class:  1.50 MB
       Class:  8.58 MB
        Both:  10.08 MB

MaxMetaspaceSize: unlimited
CompressedClassSpaceSize: 1.00 GB
Initial GC threshold: 21.00 MB
Current GC threshold: 97.31 MB
CDS: on
 - commit_granule_bytes: 65536.
 - commit_granule_words: 8192.
 - virtual_space_node_default_size: 8388608.
 - enlarge_chunks_in_place: 1.
 - use_allocation_guard: 0.


Internal statistics:

num_allocs_failed_limit: 13.
num_arena_births: 1272.
num_arena_deaths: 14.
num_vsnodes_births: 2.
num_vsnodes_deaths: 0.
num_space_committed: 1108.
num_space_uncommitted: 0.
num_chunks_returned_to_freelist: 27.
num_chunks_taken_from_freelist: 4444.
num_chunk_merges: 13.
num_chunk_splits: 2667.
num_chunks_enlarged: 1432.
num_inconsistent_stats: 0.

CodeHeap 'non-profiled nmethods': size=119168Kb used=8285Kb max_used=8285Kb free=110882Kb
 bounds [0x000002ad0acd0000, 0x000002ad0b4f0000, 0x000002ad12130000]
CodeHeap 'profiled nmethods': size=119104Kb used=32122Kb max_used=32122Kb free=86981Kb
 bounds [0x000002ad03130000, 0x000002ad05090000, 0x000002ad0a580000]
CodeHeap 'non-nmethods': size=7488Kb used=1469Kb max_used=3261Kb free=6018Kb
 bounds [0x000002ad0a580000, 0x000002ad0a8c0000, 0x000002ad0acd0000]
 total_blobs=14981 nmethods=14199 adapters=686
 compilation: enabled
              stopped_count=0, restarted_count=0
 full_count=0

Compilation events (20 events):
Event: 52.435 Thread 0x000002ad7ff8c610 15016   !   3       java.security.SecureRandom::nextBytes (46 bytes)
Event: 52.436 Thread 0x000002ad7ff8c610 nmethod 15016 0x000002ad05079c90 code [0x000002ad05079ea0, 0x000002ad0507a3b0]
Event: 52.458 Thread 0x000002ad7ff8c610 15020  s    3       org.eclipse.jdt.internal.core.search.processing.JobManager::requestIfNotWaiting (14 bytes)
Event: 52.460 Thread 0x000002ad7ff8c610 nmethod 15020 0x000002ad0507a690 code [0x000002ad0507a8e0, 0x000002ad0507b458]
Event: 52.460 Thread 0x000002ad7ff8c610 15021  s    3       org.eclipse.jdt.internal.core.search.processing.JobManager::isJobWaiting (31 bytes)
Event: 52.460 Thread 0x000002ad7ff8c610 nmethod 15021 0x000002ad0507b810 code [0x000002ad0507ba40, 0x000002ad0507c318]
Event: 52.461 Thread 0x000002ad7ff8c610 15022       3       org.eclipse.core.internal.jobs.JobManager::delayFor (83 bytes)
Event: 52.461 Thread 0x000002ad7ff8c610 nmethod 15022 0x000002ad0507c610 code [0x000002ad0507c820, 0x000002ad0507ccd0]
Event: 52.778 Thread 0x000002ad567fd350 15023       4       org.eclipse.jdt.internal.compiler.parser.Scanner::areRestrictedModuleKeywordsActive (21 bytes)
Event: 52.779 Thread 0x000002ad567fd350 nmethod 15023 0x000002ad0b4e7210 code [0x000002ad0b4e73a0, 0x000002ad0b4e7448]
Event: 52.974 Thread 0x000002ad7ff8c610 15024  s    3       org.eclipse.jdt.internal.core.search.indexing.IndexManager::updateIndexState (185 bytes)
Event: 52.976 Thread 0x000002ad7ff8c610 nmethod 15024 0x000002ad0507ce90 code [0x000002ad0507d200, 0x000002ad0507e450]
Event: 52.976 Thread 0x000002ad7ff8c610 15025       3       org.eclipse.core.runtime.Status::matches (13 bytes)
Event: 52.976 Thread 0x000002ad7ff8c610 nmethod 15025 0x000002ad0507e990 code [0x000002ad0507eb40, 0x000002ad0507ecb8]
Event: 53.328 Thread 0x000002ad567fd350 15026   !   4       org.eclipse.jdt.internal.core.index.DiskIndex::mergeWith (623 bytes)
Event: 53.486 Thread 0x000002ad7ff8c610 15027       3       sun.nio.cs.StreamEncoder::writeBytes (139 bytes)
Event: 53.487 Thread 0x000002ad7ff8c610 nmethod 15027 0x000002ad0507ed90 code [0x000002ad0507f000, 0x000002ad0507f9a0]
Event: 53.555 Thread 0x000002ad7ff8c610 15028       3       org.eclipse.jdt.internal.compiler.classfmt.MethodInfo::decodeMethodAnnotations (177 bytes)
Event: 53.556 Thread 0x000002ad7ff8c610 nmethod 15028 0x000002ad0507fd10 code [0x000002ad0507ff40, 0x000002ad05080948]
Event: 53.960 Thread 0x000002ad7ff8c610 15029       3       org.eclipse.jdt.internal.compiler.parser.Scanner::internalScanIdentifierOrKeyword (5041 bytes)

GC Heap History (20 events):
Event: 53.369 GC heap before
{Heap before GC invocations=930 (full 3):
 PSYoungGen      total 5120K, used 4768K [0x00000000eab00000, 0x00000000eb100000, 0x0000000100000000)
  eden space 4096K, 100% used [0x00000000eab00000,0x00000000eaf00000,0x00000000eaf00000)
  from space 1024K, 65% used [0x00000000eb000000,0x00000000eb0a8000,0x00000000eb100000)
  to   space 1024K, 0% used [0x00000000eaf00000,0x00000000eaf00000,0x00000000eb000000)
 ParOldGen       total 654336K, used 653877K [0x00000000c0000000, 0x00000000e7f00000, 0x00000000eab00000)
  object space 654336K, 99% used [0x00000000c0000000,0x00000000e7e8d650,0x00000000e7f00000)
 Metaspace       used 69418K, committed 70912K, reserved 1114112K
  class space    used 6974K, committed 7616K, reserved 1048576K
}
Event: 53.372 GC heap after
{Heap after GC invocations=930 (full 3):
 PSYoungGen      total 5120K, used 1013K [0x00000000eab00000, 0x00000000eb500000, 0x0000000100000000)
  eden space 4096K, 0% used [0x00000000eab00000,0x00000000eab00000,0x00000000eaf00000)
  from space 1024K, 98% used [0x00000000eaf00000,0x00000000eaffd500,0x00000000eb000000)
  to   space 3072K, 0% used [0x00000000eb200000,0x00000000eb200000,0x00000000eb500000)
 ParOldGen       total 655872K, used 655372K [0x00000000c0000000, 0x00000000e8080000, 0x00000000eab00000)
  object space 655872K, 99% used [0x00000000c0000000,0x00000000e8003250,0x00000000e8080000)
 Metaspace       used 69418K, committed 70912K, reserved 1114112K
  class space    used 6974K, committed 7616K, reserved 1048576K
}
Event: 53.492 GC heap before
{Heap before GC invocations=931 (full 3):
 PSYoungGen      total 5120K, used 5109K [0x00000000eab00000, 0x00000000eb500000, 0x0000000100000000)
  eden space 4096K, 100% used [0x00000000eab00000,0x00000000eaf00000,0x00000000eaf00000)
  from space 1024K, 98% used [0x00000000eaf00000,0x00000000eaffd500,0x00000000eb000000)
  to   space 3072K, 0% used [0x00000000eb200000,0x00000000eb200000,0x00000000eb500000)
 ParOldGen       total 655872K, used 655372K [0x00000000c0000000, 0x00000000e8080000, 0x00000000eab00000)
  object space 655872K, 99% used [0x00000000c0000000,0x00000000e8003250,0x00000000e8080000)
 Metaspace       used 69419K, committed 70912K, reserved 1114112K
  class space    used 6974K, committed 7616K, reserved 1048576K
}
Event: 53.494 GC heap after
{Heap after GC invocations=931 (full 3):
 PSYoungGen      total 4608K, used 416K [0x00000000eab00000, 0x00000000eb280000, 0x0000000100000000)
  eden space 4096K, 0% used [0x00000000eab00000,0x00000000eab00000,0x00000000eaf00000)
  from space 512K, 81% used [0x00000000eb200000,0x00000000eb268000,0x00000000eb280000)
  to   space 1536K, 0% used [0x00000000eaf80000,0x00000000eaf80000,0x00000000eb100000)
 ParOldGen       total 655872K, used 655492K [0x00000000c0000000, 0x00000000e8080000, 0x00000000eab00000)
  object space 655872K, 99% used [0x00000000c0000000,0x00000000e8021250,0x00000000e8080000)
 Metaspace       used 69419K, committed 70912K, reserved 1114112K
  class space    used 6974K, committed 7616K, reserved 1048576K
}
Event: 53.548 GC heap before
{Heap before GC invocations=932 (full 3):
 PSYoungGen      total 4608K, used 4512K [0x00000000eab00000, 0x00000000eb280000, 0x0000000100000000)
  eden space 4096K, 100% used [0x00000000eab00000,0x00000000eaf00000,0x00000000eaf00000)
  from space 512K, 81% used [0x00000000eb200000,0x00000000eb268000,0x00000000eb280000)
  to   space 1536K, 0% used [0x00000000eaf80000,0x00000000eaf80000,0x00000000eb100000)
 ParOldGen       total 655872K, used 655492K [0x00000000c0000000, 0x00000000e8080000, 0x00000000eab00000)
  object space 655872K, 99% used [0x00000000c0000000,0x00000000e8021250,0x00000000e8080000)
 Metaspace       used 69419K, committed 70912K, reserved 1114112K
  class space    used 6974K, committed 7616K, reserved 1048576K
}
Event: 53.550 GC heap after
{Heap after GC invocations=932 (full 3):
 PSYoungGen      total 5632K, used 677K [0x00000000eab00000, 0x00000000eb280000, 0x0000000100000000)
  eden space 4096K, 0% used [0x00000000eab00000,0x00000000eab00000,0x00000000eaf00000)
  from space 1536K, 44% used [0x00000000eaf80000,0x00000000eb0297e0,0x00000000eb100000)
  to   space 1024K, 0% used [0x00000000eb180000,0x00000000eb180000,0x00000000eb280000)
 ParOldGen       total 655872K, used 655628K [0x00000000c0000000, 0x00000000e8080000, 0x00000000eab00000)
  object space 655872K, 99% used [0x00000000c0000000,0x00000000e8043250,0x00000000e8080000)
 Metaspace       used 69419K, committed 70912K, reserved 1114112K
  class space    used 6974K, committed 7616K, reserved 1048576K
}
Event: 53.886 GC heap before
{Heap before GC invocations=933 (full 3):
 PSYoungGen      total 5632K, used 4773K [0x00000000eab00000, 0x00000000eb280000, 0x0000000100000000)
  eden space 4096K, 100% used [0x00000000eab00000,0x00000000eaf00000,0x00000000eaf00000)
  from space 1536K, 44% used [0x00000000eaf80000,0x00000000eb0297e0,0x00000000eb100000)
  to   space 1024K, 0% used [0x00000000eb180000,0x00000000eb180000,0x00000000eb280000)
 ParOldGen       total 655872K, used 655628K [0x00000000c0000000, 0x00000000e8080000, 0x00000000eab00000)
  object space 655872K, 99% used [0x00000000c0000000,0x00000000e8043250,0x00000000e8080000)
 Metaspace       used 69419K, committed 70912K, reserved 1114112K
  class space    used 6974K, committed 7616K, reserved 1048576K
}
Event: 53.888 GC heap after
{Heap after GC invocations=933 (full 3):
 PSYoungGen      total 5120K, used 768K [0x00000000eab00000, 0x00000000eb280000, 0x0000000100000000)
  eden space 4096K, 0% used [0x00000000eab00000,0x00000000eab00000,0x00000000eaf00000)
  from space 1024K, 75% used [0x00000000eb180000,0x00000000eb240000,0x00000000eb280000)
  to   space 1024K, 0% used [0x00000000eb080000,0x00000000eb080000,0x00000000eb180000)
 ParOldGen       total 656384K, used 656161K [0x00000000c0000000, 0x00000000e8100000, 0x00000000eab00000)
  object space 656384K, 99% used [0x00000000c0000000,0x00000000e80c8600,0x00000000e8100000)
 Metaspace       used 69419K, committed 70912K, reserved 1114112K
  class space    used 6974K, committed 7616K, reserved 1048576K
}
Event: 53.900 GC heap before
{Heap before GC invocations=934 (full 3):
 PSYoungGen      total 5120K, used 4864K [0x00000000eab00000, 0x00000000eb280000, 0x0000000100000000)
  eden space 4096K, 100% used [0x00000000eab00000,0x00000000eaf00000,0x00000000eaf00000)
  from space 1024K, 75% used [0x00000000eb180000,0x00000000eb240000,0x00000000eb280000)
  to   space 1024K, 0% used [0x00000000eb080000,0x00000000eb080000,0x00000000eb180000)
 ParOldGen       total 656384K, used 656161K [0x00000000c0000000, 0x00000000e8100000, 0x00000000eab00000)
  object space 656384K, 99% used [0x00000000c0000000,0x00000000e80c8600,0x00000000e8100000)
 Metaspace       used 69419K, committed 70912K, reserved 1114112K
  class space    used 6974K, committed 7616K, reserved 1048576K
}
Event: 53.902 GC heap after
{Heap after GC invocations=934 (full 3):
 PSYoungGen      total 5120K, used 790K [0x00000000eab00000, 0x00000000eb200000, 0x0000000100000000)
  eden space 4096K, 0% used [0x00000000eab00000,0x00000000eab00000,0x00000000eaf00000)
  from space 1024K, 77% used [0x00000000eb080000,0x00000000eb145808,0x00000000eb180000)
  to   space 512K, 0% used [0x00000000eb180000,0x00000000eb180000,0x00000000eb200000)
 ParOldGen       total 656896K, used 656761K [0x00000000c0000000, 0x00000000e8180000, 0x00000000eab00000)
  object space 656896K, 99% used [0x00000000c0000000,0x00000000e815e600,0x00000000e8180000)
 Metaspace       used 69419K, committed 70912K, reserved 1114112K
  class space    used 6974K, committed 7616K, reserved 1048576K
}
Event: 53.912 GC heap before
{Heap before GC invocations=935 (full 3):
 PSYoungGen      total 5120K, used 4886K [0x00000000eab00000, 0x00000000eb200000, 0x0000000100000000)
  eden space 4096K, 100% used [0x00000000eab00000,0x00000000eaf00000,0x00000000eaf00000)
  from space 1024K, 77% used [0x00000000eb080000,0x00000000eb145808,0x00000000eb180000)
  to   space 512K, 0% used [0x00000000eb180000,0x00000000eb180000,0x00000000eb200000)
 ParOldGen       total 656896K, used 656761K [0x00000000c0000000, 0x00000000e8180000, 0x00000000eab00000)
  object space 656896K, 99% used [0x00000000c0000000,0x00000000e815e600,0x00000000e8180000)
 Metaspace       used 69419K, committed 70912K, reserved 1114112K
  class space    used 6974K, committed 7616K, reserved 1048576K
}
Event: 53.915 GC heap after
{Heap after GC invocations=935 (full 3):
 PSYoungGen      total 4608K, used 512K [0x00000000eab00000, 0x00000000eb200000, 0x0000000100000000)
  eden space 4096K, 0% used [0x00000000eab00000,0x00000000eab00000,0x00000000eaf00000)
  from space 512K, 100% used [0x00000000eb180000,0x00000000eb200000,0x00000000eb200000)
  to   space 1536K, 0% used [0x00000000eaf00000,0x00000000eaf00000,0x00000000eb080000)
 ParOldGen       total 657920K, used 657415K [0x00000000c0000000, 0x00000000e8280000, 0x00000000eab00000)
  object space 657920K, 99% used [0x00000000c0000000,0x00000000e8201e08,0x00000000e8280000)
 Metaspace       used 69419K, committed 70912K, reserved 1114112K
  class space    used 6974K, committed 7616K, reserved 1048576K
}
Event: 53.926 GC heap before
{Heap before GC invocations=936 (full 3):
 PSYoungGen      total 4608K, used 4608K [0x00000000eab00000, 0x00000000eb200000, 0x0000000100000000)
  eden space 4096K, 100% used [0x00000000eab00000,0x00000000eaf00000,0x00000000eaf00000)
  from space 512K, 100% used [0x00000000eb180000,0x00000000eb200000,0x00000000eb200000)
  to   space 1536K, 0% used [0x00000000eaf00000,0x00000000eaf00000,0x00000000eb080000)
 ParOldGen       total 657920K, used 657415K [0x00000000c0000000, 0x00000000e8280000, 0x00000000eab00000)
  object space 657920K, 99% used [0x00000000c0000000,0x00000000e8201e08,0x00000000e8280000)
 Metaspace       used 69419K, committed 70912K, reserved 1114112K
  class space    used 6974K, committed 7616K, reserved 1048576K
}
Event: 53.928 GC heap after
{Heap after GC invocations=936 (full 3):
 PSYoungGen      total 5632K, used 736K [0x00000000eab00000, 0x00000000eb200000, 0x0000000100000000)
  eden space 4096K, 0% used [0x00000000eab00000,0x00000000eab00000,0x00000000eaf00000)
  from space 1536K, 47% used [0x00000000eaf00000,0x00000000eafb8000,0x00000000eb080000)
  to   space 1024K, 0% used [0x00000000eb100000,0x00000000eb100000,0x00000000eb200000)
 ParOldGen       total 658432K, used 657943K [0x00000000c0000000, 0x00000000e8300000, 0x00000000eab00000)
  object space 658432K, 99% used [0x00000000c0000000,0x00000000e8285e08,0x00000000e8300000)
 Metaspace       used 69419K, committed 70912K, reserved 1114112K
  class space    used 6974K, committed 7616K, reserved 1048576K
}
Event: 53.938 GC heap before
{Heap before GC invocations=937 (full 3):
 PSYoungGen      total 5632K, used 4832K [0x00000000eab00000, 0x00000000eb200000, 0x0000000100000000)
  eden space 4096K, 100% used [0x00000000eab00000,0x00000000eaf00000,0x00000000eaf00000)
  from space 1536K, 47% used [0x00000000eaf00000,0x00000000eafb8000,0x00000000eb080000)
  to   space 1024K, 0% used [0x00000000eb100000,0x00000000eb100000,0x00000000eb200000)
 ParOldGen       total 658432K, used 657943K [0x00000000c0000000, 0x00000000e8300000, 0x00000000eab00000)
  object space 658432K, 99% used [0x00000000c0000000,0x00000000e8285e08,0x00000000e8300000)
 Metaspace       used 69419K, committed 70912K, reserved 1114112K
  class space    used 6974K, committed 7616K, reserved 1048576K
}
Event: 53.941 GC heap after
{Heap after GC invocations=937 (full 3):
 PSYoungGen      total 5120K, used 812K [0x00000000eab00000, 0x00000000eb200000, 0x0000000100000000)
  eden space 4096K, 0% used [0x00000000eab00000,0x00000000eab00000,0x00000000eaf00000)
  from space 1024K, 79% used [0x00000000eb100000,0x00000000eb1cb008,0x00000000eb200000)
  to   space 1024K, 0% used [0x00000000eb000000,0x00000000eb000000,0x00000000eb100000)
 ParOldGen       total 658944K, used 658527K [0x00000000c0000000, 0x00000000e8380000, 0x00000000eab00000)
  object space 658944K, 99% used [0x00000000c0000000,0x00000000e8317e08,0x00000000e8380000)
 Metaspace       used 69419K, committed 70912K, reserved 1114112K
  class space    used 6974K, committed 7616K, reserved 1048576K
}
Event: 53.952 GC heap before
{Heap before GC invocations=938 (full 3):
 PSYoungGen      total 5120K, used 4908K [0x00000000eab00000, 0x00000000eb200000, 0x0000000100000000)
  eden space 4096K, 100% used [0x00000000eab00000,0x00000000eaf00000,0x00000000eaf00000)
  from space 1024K, 79% used [0x00000000eb100000,0x00000000eb1cb008,0x00000000eb200000)
  to   space 1024K, 0% used [0x00000000eb000000,0x00000000eb000000,0x00000000eb100000)
 ParOldGen       total 658944K, used 658527K [0x00000000c0000000, 0x00000000e8380000, 0x00000000eab00000)
  object space 658944K, 99% used [0x00000000c0000000,0x00000000e8317e08,0x00000000e8380000)
 Metaspace       used 69419K, committed 70912K, reserved 1114112K
  class space    used 6974K, committed 7616K, reserved 1048576K
}
Event: 53.954 GC heap after
{Heap after GC invocations=938 (full 3):
 PSYoungGen      total 5120K, used 736K [0x00000000eab00000, 0x00000000eb180000, 0x0000000100000000)
  eden space 4096K, 0% used [0x00000000eab00000,0x00000000eab00000,0x00000000eaf00000)
  from space 1024K, 71% used [0x00000000eb000000,0x00000000eb0b8000,0x00000000eb100000)
  to   space 512K, 0% used [0x00000000eb100000,0x00000000eb100000,0x00000000eb180000)
 ParOldGen       total 659456K, used 659139K [0x00000000c0000000, 0x00000000e8400000, 0x00000000eab00000)
  object space 659456K, 99% used [0x00000000c0000000,0x00000000e83b0e10,0x00000000e8400000)
 Metaspace       used 69419K, committed 70912K, reserved 1114112K
  class space    used 6974K, committed 7616K, reserved 1048576K
}
Event: 53.966 GC heap before
{Heap before GC invocations=939 (full 3):
 PSYoungGen      total 5120K, used 4832K [0x00000000eab00000, 0x00000000eb180000, 0x0000000100000000)
  eden space 4096K, 100% used [0x00000000eab00000,0x00000000eaf00000,0x00000000eaf00000)
  from space 1024K, 71% used [0x00000000eb000000,0x00000000eb0b8000,0x00000000eb100000)
  to   space 512K, 0% used [0x00000000eb100000,0x00000000eb100000,0x00000000eb180000)
 ParOldGen       total 659456K, used 659139K [0x00000000c0000000, 0x00000000e8400000, 0x00000000eab00000)
  object space 659456K, 99% used [0x00000000c0000000,0x00000000e83b0e10,0x00000000e8400000)
 Metaspace       used 69419K, committed 70912K, reserved 1114112K
  class space    used 6974K, committed 7616K, reserved 1048576K
}
Event: 55.018 GC heap after
{Heap after GC invocations=939 (full 3):
 PSYoungGen      total 4608K, used 512K [0x00000000eab00000, 0x00000000eb200000, 0x0000000100000000)
  eden space 4096K, 0% used [0x00000000eab00000,0x00000000eab00000,0x00000000eaf00000)
  from space 512K, 100% used [0x00000000eb100000,0x00000000eb180000,0x00000000eb180000)
  to   space 1536K, 0% used [0x00000000eaf00000,0x00000000eaf00000,0x00000000eb080000)
 ParOldGen       total 659968K, used 659811K [0x00000000c0000000, 0x00000000e8480000, 0x00000000eab00000)
  object space 659968K, 99% used [0x00000000c0000000,0x00000000e8458e10,0x00000000e8480000)
 Metaspace       used 69419K, committed 70912K, reserved 1114112K
  class space    used 6974K, committed 7616K, reserved 1048576K
}

Dll operation events (12 events):
Event: 0.025 Loaded shared library c:\Users\arbaj\.windsurf\extensions\redhat.java-1.42.0-win32-x64\jre\21.0.7-win32-x86_64\bin\java.dll
Event: 0.204 Loaded shared library c:\Users\arbaj\.windsurf\extensions\redhat.java-1.42.0-win32-x64\jre\21.0.7-win32-x86_64\bin\zip.dll
Event: 0.267 Loaded shared library C:\Users\arbaj\.windsurf\extensions\redhat.java-1.42.0-win32-x64\jre\21.0.7-win32-x86_64\bin\instrument.dll
Event: 0.276 Loaded shared library C:\Users\arbaj\.windsurf\extensions\redhat.java-1.42.0-win32-x64\jre\21.0.7-win32-x86_64\bin\net.dll
Event: 0.285 Loaded shared library C:\Users\arbaj\.windsurf\extensions\redhat.java-1.42.0-win32-x64\jre\21.0.7-win32-x86_64\bin\nio.dll
Event: 0.293 Loaded shared library C:\Users\arbaj\.windsurf\extensions\redhat.java-1.42.0-win32-x64\jre\21.0.7-win32-x86_64\bin\zip.dll
Event: 0.336 Loaded shared library C:\Users\arbaj\.windsurf\extensions\redhat.java-1.42.0-win32-x64\jre\21.0.7-win32-x86_64\bin\jimage.dll
Event: 0.534 Loaded shared library c:\Users\arbaj\.windsurf\extensions\redhat.java-1.42.0-win32-x64\jre\21.0.7-win32-x86_64\bin\verify.dll
Event: 3.411 Loaded shared library C:\Users\arbaj\AppData\Roaming\Windsurf\User\globalStorage\redhat.java\1.42.0\config_win\org.eclipse.equinox.launcher\org.eclipse.equinox.launcher.win32.win32.x86_64_1.2.1300.v20250331-1702\eclipse_11911.dll
Event: 7.266 Loaded shared library D:\Temp\jna-93075002\jna8368986835830312004.dll
Event: 16.226 Loaded shared library C:\Users\arbaj\.windsurf\extensions\redhat.java-1.42.0-win32-x64\jre\21.0.7-win32-x86_64\bin\sunmscapi.dll
Event: 16.558 Loaded shared library C:\Users\arbaj\.windsurf\extensions\redhat.java-1.42.0-win32-x64\jre\21.0.7-win32-x86_64\bin\extnet.dll

Deoptimization events (20 events):
Event: 50.404 Thread 0x000002ad5d9901d0 DEOPT PACKING pc=0x000002ad0b36ece4 sp=0x000000c29d2ff020
Event: 50.404 Thread 0x000002ad5d9901d0 DEOPT UNPACKING pc=0x000002ad0a5d3aa2 sp=0x000000c29d2fef90 mode 2
Event: 50.456 Thread 0x000002ad5d9901d0 DEOPT PACKING pc=0x000002ad0504f842 sp=0x000000c29d2fee40
Event: 50.456 Thread 0x000002ad5d9901d0 DEOPT UNPACKING pc=0x000002ad0a5d4242 sp=0x000000c29d2fe300 mode 0
Event: 50.459 Thread 0x000002ad5d9901d0 DEOPT PACKING pc=0x000002ad0504f842 sp=0x000000c29d2fee40
Event: 50.460 Thread 0x000002ad5d9901d0 DEOPT UNPACKING pc=0x000002ad0a5d4242 sp=0x000000c29d2fe300 mode 0
Event: 51.678 Thread 0x000002ad5d9901d0 Uncommon trap: trap_request=0xffffff45 fr.pc=0x000002ad0b4d58f4 relative=0x00000000000002d4
Event: 51.678 Thread 0x000002ad5d9901d0 Uncommon trap: reason=unstable_if action=reinterpret pc=0x000002ad0b4d58f4 method=org.eclipse.jdt.internal.compiler.parser.Scanner.internalScanIdentifierOrKeyword(II[C)Lorg/eclipse/jdt/internal/compiler/parser/TerminalToken; @ 3784 c2
Event: 51.678 Thread 0x000002ad5d9901d0 DEOPT PACKING pc=0x000002ad0b4d58f4 sp=0x000000c29d2ff260
Event: 51.678 Thread 0x000002ad5d9901d0 DEOPT UNPACKING pc=0x000002ad0a5d3aa2 sp=0x000000c29d2ff1e0 mode 2
Event: 53.328 Thread 0x000002ad5d9901d0 DEOPT PACKING pc=0x000002ad04ccf648 sp=0x000000c29d2ff030
Event: 53.328 Thread 0x000002ad5d9901d0 DEOPT UNPACKING pc=0x000002ad0a5d4242 sp=0x000000c29d2fe648 mode 0
Event: 53.444 Thread 0x000002ad5d9901d0 Uncommon trap: trap_request=0xffffff45 fr.pc=0x000002ad0b493834 relative=0x0000000000000454
Event: 53.444 Thread 0x000002ad5d9901d0 Uncommon trap: reason=unstable_if action=reinterpret pc=0x000002ad0b493834 method=org.eclipse.jdt.internal.compiler.classfmt.MethodInfo.decodeMethodAnnotations(IZLorg/eclipse/jdt/internal/compiler/classfmt/MethodInfo;)[Lorg/eclipse/jdt/internal/compiler/c
Event: 53.444 Thread 0x000002ad5d9901d0 DEOPT PACKING pc=0x000002ad0b493834 sp=0x000000c29d2fef50
Event: 53.444 Thread 0x000002ad5d9901d0 DEOPT UNPACKING pc=0x000002ad0a5d3aa2 sp=0x000000c29d2feee8 mode 2
Event: 53.960 Thread 0x000002ad5d9901d0 Uncommon trap: trap_request=0xffffff45 fr.pc=0x000002ad0b4e2680 relative=0x00000000000015c0
Event: 53.960 Thread 0x000002ad5d9901d0 Uncommon trap: reason=unstable_if action=reinterpret pc=0x000002ad0b4e2680 method=org.eclipse.jdt.internal.compiler.parser.Scanner.internalScanIdentifierOrKeyword(II[C)Lorg/eclipse/jdt/internal/compiler/parser/TerminalToken; @ 4254 c2
Event: 53.960 Thread 0x000002ad5d9901d0 DEOPT PACKING pc=0x000002ad0b4e2680 sp=0x000000c29d2ff260
Event: 53.960 Thread 0x000002ad5d9901d0 DEOPT UNPACKING pc=0x000002ad0a5d3aa2 sp=0x000000c29d2ff1e0 mode 2

Classes loaded (20 events):
Event: 46.874 Loading class java/util/AbstractList$RandomAccessSubList
Event: 46.874 Loading class java/util/AbstractList$SubList
Event: 46.875 Loading class java/util/AbstractList$SubList done
Event: 46.875 Loading class java/util/AbstractList$RandomAccessSubList done
Event: 46.875 Loading class java/util/AbstractList$SubList$1
Event: 46.875 Loading class java/util/AbstractList$SubList$1 done
Event: 46.937 Loading class java/util/ImmutableCollections$SubList
Event: 46.940 Loading class java/util/ImmutableCollections$SubList done
Event: 47.251 Loading class java/util/TreeMap$ValueSpliterator
Event: 47.253 Loading class java/util/TreeMap$TreeMapSpliterator
Event: 47.253 Loading class java/util/TreeMap$TreeMapSpliterator done
Event: 47.253 Loading class java/util/TreeMap$ValueSpliterator done
Event: 47.345 Loading class java/nio/file/FileTreeWalker$1
Event: 47.346 Loading class java/nio/file/FileTreeWalker$1 done
Event: 48.180 Loading class java/util/Collections$SynchronizedRandomAccessList
Event: 48.182 Loading class java/util/Collections$SynchronizedList
Event: 48.183 Loading class java/util/Collections$SynchronizedList done
Event: 48.183 Loading class java/util/Collections$SynchronizedRandomAccessList done
Event: 48.194 Loading class java/util/concurrent/CompletableFuture$Signaller
Event: 48.198 Loading class java/util/concurrent/CompletableFuture$Signaller done

Classes unloaded (7 events):
Event: 9.525 Thread 0x000002ad7ff73ab0 Unloading class 0x000002ad161a4400 'java/lang/invoke/LambdaForm$MH+0x000002ad161a4400'
Event: 9.525 Thread 0x000002ad7ff73ab0 Unloading class 0x000002ad161a4000 'java/lang/invoke/LambdaForm$MH+0x000002ad161a4000'
Event: 9.525 Thread 0x000002ad7ff73ab0 Unloading class 0x000002ad161a3c00 'java/lang/invoke/LambdaForm$MH+0x000002ad161a3c00'
Event: 9.525 Thread 0x000002ad7ff73ab0 Unloading class 0x000002ad161a3800 'java/lang/invoke/LambdaForm$MH+0x000002ad161a3800'
Event: 9.525 Thread 0x000002ad7ff73ab0 Unloading class 0x000002ad161a3400 'java/lang/invoke/LambdaForm$BMH+0x000002ad161a3400'
Event: 9.525 Thread 0x000002ad7ff73ab0 Unloading class 0x000002ad161a3000 'java/lang/invoke/LambdaForm$DMH+0x000002ad161a3000'
Event: 9.525 Thread 0x000002ad7ff73ab0 Unloading class 0x000002ad161a1c00 'java/lang/invoke/LambdaForm$DMH+0x000002ad161a1c00'

Classes redefined (0 events):
No events

Internal exceptions (20 events):
Event: 51.595 Thread 0x000002ad5d9901d0 Exception <a 'sun/nio/fs/WindowsException'{0x00000000eac744b0}> (0x00000000eac744b0) 
thrown [s\src\hotspot\share\prims\jni.cpp, line 520]
Event: 51.651 Thread 0x000002ad5d9901d0 Exception <a 'sun/nio/fs/WindowsException'{0x00000000eae34388}> (0x00000000eae34388) 
thrown [s\src\hotspot\share\prims\jni.cpp, line 520]
Event: 51.785 Thread 0x000002ad5d9901d0 Exception <a 'sun/nio/fs/WindowsException'{0x00000000ead6e690}> (0x00000000ead6e690) 
thrown [s\src\hotspot\share\prims\jni.cpp, line 520]
Event: 51.825 Thread 0x000002ad5d9901d0 Exception <a 'sun/nio/fs/WindowsException'{0x00000000eab72108}> (0x00000000eab72108) 
thrown [s\src\hotspot\share\prims\jni.cpp, line 520]
Event: 51.856 Thread 0x000002ad5d9901d0 Exception <a 'sun/nio/fs/WindowsException'{0x00000000eac16450}> (0x00000000eac16450) 
thrown [s\src\hotspot\share\prims\jni.cpp, line 520]
Event: 51.872 Thread 0x000002ad5d9901d0 Exception <a 'sun/nio/fs/WindowsException'{0x00000000eac2e780}> (0x00000000eac2e780) 
thrown [s\src\hotspot\share\prims\jni.cpp, line 520]
Event: 51.884 Thread 0x000002ad5d9901d0 Exception <a 'sun/nio/fs/WindowsException'{0x00000000eac46b98}> (0x00000000eac46b98) 
thrown [s\src\hotspot\share\prims\jni.cpp, line 520]
Event: 52.227 Thread 0x000002ad5d9901d0 Exception <a 'sun/nio/fs/WindowsException'{0x00000000eac1d078}> (0x00000000eac1d078) 
thrown [s\src\hotspot\share\prims\jni.cpp, line 520]
Event: 52.264 Thread 0x000002ad5d9901d0 Exception <a 'sun/nio/fs/WindowsException'{0x00000000eab50ff0}> (0x00000000eab50ff0) 
thrown [s\src\hotspot\share\prims\jni.cpp, line 520]
Event: 52.355 Thread 0x000002ad5d9901d0 Exception <a 'sun/nio/fs/WindowsException'{0x00000000eae127e0}> (0x00000000eae127e0) 
thrown [s\src\hotspot\share\prims\jni.cpp, line 520]
Event: 52.388 Thread 0x000002ad5d9901d0 Exception <a 'sun/nio/fs/WindowsException'{0x00000000eab518d0}> (0x00000000eab518d0) 
thrown [s\src\hotspot\share\prims\jni.cpp, line 520]
Event: 52.430 Thread 0x000002ad5d9901d0 Exception <a 'sun/nio/fs/WindowsException'{0x00000000eabbe4e8}> (0x00000000eabbe4e8) 
thrown [s\src\hotspot\share\prims\jni.cpp, line 520]
Event: 52.445 Thread 0x000002ad5d9901d0 Exception <a 'sun/nio/fs/WindowsException'{0x00000000eac07980}> (0x00000000eac07980) 
thrown [s\src\hotspot\share\prims\jni.cpp, line 520]
Event: 52.456 Thread 0x000002ad5d9901d0 Exception <a 'sun/nio/fs/WindowsException'{0x00000000eac19618}> (0x00000000eac19618) 
thrown [s\src\hotspot\share\prims\jni.cpp, line 520]
Event: 52.973 Thread 0x000002ad5d9901d0 Exception <a 'sun/nio/fs/WindowsException'{0x00000000eada6d88}> (0x00000000eada6d88) 
thrown [s\src\hotspot\share\prims\jni.cpp, line 520]
Event: 53.032 Thread 0x000002ad5d9901d0 Exception <a 'sun/nio/fs/WindowsException'{0x00000000ead4a308}> (0x00000000ead4a308) 
thrown [s\src\hotspot\share\prims\jni.cpp, line 520]
Event: 53.093 Thread 0x000002ad5d9901d0 Exception <a 'sun/nio/fs/WindowsException'{0x00000000eade0700}> (0x00000000eade0700) 
thrown [s\src\hotspot\share\prims\jni.cpp, line 520]
Event: 53.434 Thread 0x000002ad5d9901d0 Exception <a 'sun/nio/fs/WindowsException'{0x00000000eab650d0}> (0x00000000eab650d0) 
thrown [s\src\hotspot\share\prims\jni.cpp, line 520]
Event: 53.484 Thread 0x000002ad5d9901d0 Exception <a 'sun/nio/fs/WindowsException'{0x00000000eae519a8}> (0x00000000eae519a8) 
thrown [s\src\hotspot\share\prims\jni.cpp, line 520]
Event: 53.527 Thread 0x000002ad5d9901d0 Exception <a 'sun/nio/fs/WindowsException'{0x00000000eabfe058}> (0x00000000eabfe058) 
thrown [s\src\hotspot\share\prims\jni.cpp, line 520]

ZGC Phase Switch (0 events):
No events

VM Operations (20 events):
Event: 53.369 Executing VM operation: ParallelGCFailedAllocation (Allocation Failure)
Event: 53.372 Executing VM operation: ParallelGCFailedAllocation (Allocation Failure) done
Event: 53.492 Executing VM operation: ParallelGCFailedAllocation (Allocation Failure)
Event: 53.494 Executing VM operation: ParallelGCFailedAllocation (Allocation Failure) done
Event: 53.548 Executing VM operation: ParallelGCFailedAllocation (Allocation Failure)
Event: 53.550 Executing VM operation: ParallelGCFailedAllocation (Allocation Failure) done
Event: 53.886 Executing VM operation: ParallelGCFailedAllocation (Allocation Failure)
Event: 53.888 Executing VM operation: ParallelGCFailedAllocation (Allocation Failure) done
Event: 53.900 Executing VM operation: ParallelGCFailedAllocation (Allocation Failure)
Event: 53.902 Executing VM operation: ParallelGCFailedAllocation (Allocation Failure) done
Event: 53.912 Executing VM operation: ParallelGCFailedAllocation (Allocation Failure)
Event: 53.915 Executing VM operation: ParallelGCFailedAllocation (Allocation Failure) done
Event: 53.926 Executing VM operation: ParallelGCFailedAllocation (Allocation Failure)
Event: 53.928 Executing VM operation: ParallelGCFailedAllocation (Allocation Failure) done
Event: 53.938 Executing VM operation: ParallelGCFailedAllocation (Allocation Failure)
Event: 53.942 Executing VM operation: ParallelGCFailedAllocation (Allocation Failure) done
Event: 53.952 Executing VM operation: ParallelGCFailedAllocation (Allocation Failure)
Event: 53.954 Executing VM operation: ParallelGCFailedAllocation (Allocation Failure) done
Event: 53.966 Executing VM operation: ParallelGCFailedAllocation (Allocation Failure)
Event: 55.018 Executing VM operation: ParallelGCFailedAllocation (Allocation Failure) done

Memory protections (0 events):
No events

Nmethod flushes (20 events):
Event: 32.604 Thread 0x000002ad7ff73ab0 flushing  nmethod 0x000002ad03b6d310
Event: 32.604 Thread 0x000002ad7ff73ab0 flushing  nmethod 0x000002ad03b6d790
Event: 32.604 Thread 0x000002ad7ff73ab0 flushing  nmethod 0x000002ad03b6ec10
Event: 32.604 Thread 0x000002ad7ff73ab0 flushing  nmethod 0x000002ad03b6f190
Event: 32.604 Thread 0x000002ad7ff73ab0 flushing  nmethod 0x000002ad03b6f590
Event: 32.604 Thread 0x000002ad7ff73ab0 flushing  nmethod 0x000002ad03b6fb90
Event: 32.604 Thread 0x000002ad7ff73ab0 flushing  nmethod 0x000002ad03b70190
Event: 32.604 Thread 0x000002ad7ff73ab0 flushing  nmethod 0x000002ad03b74e90
Event: 32.604 Thread 0x000002ad7ff73ab0 flushing  nmethod 0x000002ad03b75b90
Event: 32.604 Thread 0x000002ad7ff73ab0 flushing  nmethod 0x000002ad03b97d10
Event: 32.604 Thread 0x000002ad7ff73ab0 flushing  nmethod 0x000002ad03b98c90
Event: 32.604 Thread 0x000002ad7ff73ab0 flushing  nmethod 0x000002ad03b99390
Event: 32.604 Thread 0x000002ad7ff73ab0 flushing  nmethod 0x000002ad03b99990
Event: 32.604 Thread 0x000002ad7ff73ab0 flushing  nmethod 0x000002ad03b9a210
Event: 32.604 Thread 0x000002ad7ff73ab0 flushing  nmethod 0x000002ad03b9da90
Event: 32.604 Thread 0x000002ad7ff73ab0 flushing  nmethod 0x000002ad03bb1d90
Event: 32.604 Thread 0x000002ad7ff73ab0 flushing  nmethod 0x000002ad03bdc010
Event: 32.604 Thread 0x000002ad7ff73ab0 flushing  nmethod 0x000002ad03befb90
Event: 32.604 Thread 0x000002ad7ff73ab0 flushing  nmethod 0x000002ad03c41110
Event: 32.604 Thread 0x000002ad7ff73ab0 flushing  nmethod 0x000002ad03c42910

Events (20 events):
Event: 45.447 Thread 0x000002ad5d98da70 Thread added: 0x000002ad6c7a74a0
Event: 45.447 Thread 0x000002ad5d98da70 Thread added: 0x000002ad6c7a53d0
Event: 45.447 Thread 0x000002ad5d98da70 Thread added: 0x000002ad6c7a8ee0
Event: 45.448 Thread 0x000002ad5d98da70 Thread added: 0x000002ad6c7a9570
Event: 45.542 Thread 0x000002ad6c7a8850 Thread exited: 0x000002ad6c7a8850
Event: 45.542 Thread 0x000002ad6c7a8ee0 Thread exited: 0x000002ad6c7a8ee0
Event: 45.542 Thread 0x000002ad6c7a53d0 Thread exited: 0x000002ad6c7a53d0
Event: 45.542 Thread 0x000002ad6c7a9570 Thread exited: 0x000002ad6c7a9570
Event: 45.542 Thread 0x000002ad6c7a74a0 Thread exited: 0x000002ad6c7a74a0
Event: 46.552 Thread 0x000002ad6b63d840 Thread exited: 0x000002ad6b63d840
Event: 46.651 Thread 0x000002ad61553680 Thread exited: 0x000002ad61553680
Event: 46.834 Thread 0x000002ad5f7fbe60 Thread added: 0x000002ad5f6bf870
Event: 46.834 Thread 0x000002ad5f7fbe60 Thread added: 0x000002ad6a716a30
Event: 48.223 Thread 0x000002ad6a716a30 Thread exited: 0x000002ad6a716a30
Event: 48.334 Thread 0x000002ad5f6bf870 Thread added: 0x000002ad6b2a8d90
Event: 48.518 Thread 0x000002ad6b2a8d90 Thread exited: 0x000002ad6b2a8d90
Event: 49.005 Thread 0x000002ad5e39bb50 Thread exited: 0x000002ad5e39bb50
Event: 49.759 Thread 0x000002ad5f6bf870 Thread exited: 0x000002ad5f6bf870
Event: 49.934 Thread 0x000002ad5f7fbe60 Thread exited: 0x000002ad5f7fbe60
Event: 52.267 Thread 0x000002ad56a0f730 Thread exited: 0x000002ad56a0f730


Dynamic libraries:
0x00007ff6448c0000 - 0x00007ff6448ce000 	c:\Users\arbaj\.windsurf\extensions\redhat.java-1.42.0-win32-x64\jre\21.0.7-win32-x86_64\bin\java.exe
0x00007ffb39e40000 - 0x00007ffb3a0a5000 	C:\WINDOWS\SYSTEM32\ntdll.dll
0x00007ffb380e0000 - 0x00007ffb381a9000 	C:\WINDOWS\System32\KERNEL32.DLL
0x00007ffb37750000 - 0x00007ffb37b38000 	C:\WINDOWS\System32\KERNELBASE.dll
0x00007ffb37340000 - 0x00007ffb3748b000 	C:\WINDOWS\System32\ucrtbase.dll
0x00007ffb245d0000 - 0x00007ffb245ee000 	c:\Users\arbaj\.windsurf\extensions\redhat.java-1.42.0-win32-x64\jre\21.0.7-win32-x86_64\bin\VCRUNTIME140.dll
0x00007ffb26dd0000 - 0x00007ffb26de8000 	c:\Users\arbaj\.windsurf\extensions\redhat.java-1.42.0-win32-x64\jre\21.0.7-win32-x86_64\bin\jli.dll
0x00007ffb38400000 - 0x00007ffb385ca000 	C:\WINDOWS\System32\USER32.dll
0x00007ffb20f70000 - 0x00007ffb2120a000 	C:\WINDOWS\WinSxS\amd64_microsoft.windows.common-controls_6595b64144ccf1df_6.0.26100.4202_none_3e0698d4e335f517\COMCTL32.dll
0x00007ffb37310000 - 0x00007ffb37337000 	C:\WINDOWS\System32\win32u.dll
0x00007ffb38df0000 - 0x00007ffb38e99000 	C:\WINDOWS\System32\msvcrt.dll
0x00007ffb37cf0000 - 0x00007ffb37d1b000 	C:\WINDOWS\System32\GDI32.dll
0x00007ffb37490000 - 0x00007ffb375c7000 	C:\WINDOWS\System32\gdi32full.dll
0x00007ffb371d0000 - 0x00007ffb37273000 	C:\WINDOWS\System32\msvcp_win.dll
0x00007ffb39c80000 - 0x00007ffb39cb0000 	C:\WINDOWS\System32\IMM32.DLL
0x00007ffb26d00000 - 0x00007ffb26d0c000 	c:\Users\arbaj\.windsurf\extensions\redhat.java-1.42.0-win32-x64\jre\21.0.7-win32-x86_64\bin\vcruntime140_1.dll
0x00007ffb15510000 - 0x00007ffb1559d000 	c:\Users\arbaj\.windsurf\extensions\redhat.java-1.42.0-win32-x64\jre\21.0.7-win32-x86_64\bin\msvcp140.dll
0x00007ffad5e90000 - 0x00007ffad6c20000 	c:\Users\arbaj\.windsurf\extensions\redhat.java-1.42.0-win32-x64\jre\21.0.7-win32-x86_64\bin\server\jvm.dll
0x00007ffb38ea0000 - 0x00007ffb38f53000 	C:\WINDOWS\System32\ADVAPI32.dll
0x00007ffb38230000 - 0x00007ffb382d6000 	C:\WINDOWS\System32\sechost.dll
0x00007ffb382e0000 - 0x00007ffb383f5000 	C:\WINDOWS\System32\RPCRT4.dll
0x00007ffb381b0000 - 0x00007ffb38224000 	C:\WINDOWS\System32\WS2_32.dll
0x00007ffb36c40000 - 0x00007ffb36c9e000 	C:\WINDOWS\SYSTEM32\POWRPROF.dll
0x00007ffb2ce20000 - 0x00007ffb2ce2b000 	C:\WINDOWS\SYSTEM32\VERSION.dll
0x00007ffb22180000 - 0x00007ffb221b5000 	C:\WINDOWS\SYSTEM32\WINMM.dll
0x00007ffb36c20000 - 0x00007ffb36c34000 	C:\WINDOWS\SYSTEM32\UMPDC.dll
0x00007ffb35d50000 - 0x00007ffb35d6b000 	C:\WINDOWS\SYSTEM32\kernel.appcore.dll
0x00007ffb214b0000 - 0x00007ffb214ba000 	c:\Users\arbaj\.windsurf\extensions\redhat.java-1.42.0-win32-x64\jre\21.0.7-win32-x86_64\bin\jimage.dll
0x00007ffb34970000 - 0x00007ffb34bb1000 	C:\WINDOWS\SYSTEM32\DBGHELP.DLL
0x00007ffb38a60000 - 0x00007ffb38de5000 	C:\WINDOWS\System32\combase.dll
0x00007ffb37d20000 - 0x00007ffb37e01000 	C:\WINDOWS\System32\OLEAUT32.dll
0x00007ffb205c0000 - 0x00007ffb205f9000 	C:\WINDOWS\SYSTEM32\dbgcore.DLL
0x00007ffb37b40000 - 0x00007ffb37bd9000 	C:\WINDOWS\System32\bcryptPrimitives.dll
0x00007ffb214a0000 - 0x00007ffb214af000 	c:\Users\arbaj\.windsurf\extensions\redhat.java-1.42.0-win32-x64\jre\21.0.7-win32-x86_64\bin\instrument.dll
0x00007ffb21480000 - 0x00007ffb2149f000 	c:\Users\arbaj\.windsurf\extensions\redhat.java-1.42.0-win32-x64\jre\21.0.7-win32-x86_64\bin\java.dll
0x00007ffb39340000 - 0x00007ffb39a82000 	C:\WINDOWS\System32\SHELL32.dll
0x00007ffb375d0000 - 0x00007ffb37744000 	C:\WINDOWS\System32\wintypes.dll
0x00007ffb34c10000 - 0x00007ffb35467000 	C:\WINDOWS\SYSTEM32\windows.storage.dll
0x00007ffb37be0000 - 0x00007ffb37cd1000 	C:\WINDOWS\System32\SHCORE.dll
0x00007ffb37fc0000 - 0x00007ffb3802a000 	C:\WINDOWS\System32\shlwapi.dll
0x00007ffb36ea0000 - 0x00007ffb36ecf000 	C:\WINDOWS\SYSTEM32\profapi.dll
0x00007ffb27e00000 - 0x00007ffb27e18000 	c:\Users\arbaj\.windsurf\extensions\redhat.java-1.42.0-win32-x64\jre\21.0.7-win32-x86_64\bin\zip.dll
0x00007ffb26c60000 - 0x00007ffb26c70000 	C:\Users\arbaj\.windsurf\extensions\redhat.java-1.42.0-win32-x64\jre\21.0.7-win32-x86_64\bin\net.dll
0x00007ffb31620000 - 0x00007ffb3173e000 	C:\WINDOWS\SYSTEM32\WINHTTP.dll
0x00007ffb362c0000 - 0x00007ffb3632a000 	C:\WINDOWS\system32\mswsock.dll
0x00007ffb26c40000 - 0x00007ffb26c56000 	C:\Users\arbaj\.windsurf\extensions\redhat.java-1.42.0-win32-x64\jre\21.0.7-win32-x86_64\bin\nio.dll
0x00007ffb1d650000 - 0x00007ffb1d660000 	c:\Users\arbaj\.windsurf\extensions\redhat.java-1.42.0-win32-x64\jre\21.0.7-win32-x86_64\bin\verify.dll
0x00007ffb0eaf0000 - 0x00007ffb0eb35000 	C:\Users\arbaj\AppData\Roaming\Windsurf\User\globalStorage\redhat.java\1.42.0\config_win\org.eclipse.equinox.launcher\org.eclipse.equinox.launcher.win32.win32.x86_64_1.2.1300.v20250331-1702\eclipse_11911.dll
0x00007ffb37e10000 - 0x00007ffb37fae000 	C:\WINDOWS\System32\ole32.dll
0x00007ffb36570000 - 0x00007ffb3658b000 	C:\WINDOWS\SYSTEM32\CRYPTSP.dll
0x00007ffb35cb0000 - 0x00007ffb35cea000 	C:\WINDOWS\system32\rsaenh.dll
0x00007ffb36360000 - 0x00007ffb3638b000 	C:\WINDOWS\SYSTEM32\USERENV.dll
0x00007ffb36e70000 - 0x00007ffb36e96000 	C:\WINDOWS\SYSTEM32\bcrypt.dll
0x00007ffb36b90000 - 0x00007ffb36b9c000 	C:\WINDOWS\SYSTEM32\CRYPTBASE.dll
0x00007ffb35780000 - 0x00007ffb357b3000 	C:\WINDOWS\SYSTEM32\IPHLPAPI.DLL
0x00007ffb37ce0000 - 0x00007ffb37cea000 	C:\WINDOWS\System32\NSI.dll
0x00007ffb1d690000 - 0x00007ffb1d6d9000 	D:\Temp\jna-93075002\jna8368986835830312004.dll
0x00007ffb39df0000 - 0x00007ffb39df8000 	C:\WINDOWS\System32\PSAPI.DLL
0x00007ffb32430000 - 0x00007ffb3244f000 	C:\WINDOWS\SYSTEM32\dhcpcsvc6.DLL
0x00007ffb32300000 - 0x00007ffb32325000 	C:\WINDOWS\SYSTEM32\dhcpcsvc.DLL
0x00007ffb32470000 - 0x00007ffb3247e000 	C:\Users\arbaj\.windsurf\extensions\redhat.java-1.42.0-win32-x64\jre\21.0.7-win32-x86_64\bin\sunmscapi.dll
0x00007ffb37050000 - 0x00007ffb371c7000 	C:\WINDOWS\System32\CRYPT32.dll
0x00007ffb36780000 - 0x00007ffb367b0000 	C:\WINDOWS\SYSTEM32\ncrypt.dll
0x00007ffb36730000 - 0x00007ffb3676f000 	C:\WINDOWS\SYSTEM32\NTASN1.dll
0x00007ffb35810000 - 0x00007ffb35937000 	C:\WINDOWS\SYSTEM32\DNSAPI.dll
0x00007ffb317f0000 - 0x00007ffb317fb000 	C:\Windows\System32\rasadhlp.dll
0x00007ffb32760000 - 0x00007ffb327e6000 	C:\WINDOWS\System32\fwpuclnt.dll
0x00007ffb2ffc0000 - 0x00007ffb2ffc9000 	C:\Users\arbaj\.windsurf\extensions\redhat.java-1.42.0-win32-x64\jre\21.0.7-win32-x86_64\bin\extnet.dll
0x00007ffb35e70000 - 0x00007ffb35ea6000 	C:\WINDOWS\SYSTEM32\ntmarta.dll

dbghelp: loaded successfully - version: 4.0.5 - missing functions: none
symbol engine: initialized successfully - sym options: 0x614 - pdb path: .;c:\Users\arbaj\.windsurf\extensions\redhat.java-1.42.0-win32-x64\jre\21.0.7-win32-x86_64\bin;C:\WINDOWS\SYSTEM32;C:\WINDOWS\WinSxS\amd64_microsoft.windows.common-controls_6595b64144ccf1df_6.0.26100.4202_none_3e0698d4e335f517;c:\Users\arbaj\.windsurf\extensions\redhat.java-1.42.0-win32-x64\jre\21.0.7-win32-x86_64\bin\server;C:\Users\arbaj\AppData\Roaming\Windsurf\User\globalStorage\redhat.java\1.42.0\config_win\org.eclipse.equinox.launcher\org.eclipse.equinox.launcher.win32.win32.x86_64_1.2.1300.v20250331-1702;D:\Temp\jna-93075002

VM Arguments:
jvm_args: --add-modules=ALL-SYSTEM --add-opens=java.base/java.util=ALL-UNNAMED --add-opens=java.base/java.lang=ALL-UNNAMED --add-opens=java.base/sun.nio.fs=ALL-UNNAMED -Declipse.application=org.eclipse.jdt.ls.core.id1 -Dosgi.bundles.defaultStartLevel=4 -Declipse.product=org.eclipse.jdt.ls.core.product -Djava.import.generatesMetadataFilesAtProjectRoot=false -DDetectVMInstallationsJob.disabled=true -Dfile.encoding=utf8 -XX:+UseParallelGC -XX:GCTimeRatio=4 -XX:AdaptiveSizePolicyWeight=90 -Dsun.zip.disableMemoryMapping=true -Xmx1G -Xms100m -Xlog:disable -javaagent:c:\Users\arbaj\.windsurf\extensions\redhat.java-1.42.0-win32-x64\lombok\lombok-1.18.36.jar -XX:+HeapDumpOnOutOfMemoryError -XX:HeapDumpPath=c:\Users\arbaj\AppData\Roaming\Windsurf\User\workspaceStorage\02b879abb4cc40d939587e20ca47e61a\redhat.java -Daether.dependencyCollector.impl=bf 
java_command: c:\Users\arbaj\.windsurf\extensions\redhat.java-1.42.0-win32-x64\server\plugins\org.eclipse.equinox.launcher_1.7.0.v20250424-1814.jar -configuration c:\Users\arbaj\AppData\Roaming\Windsurf\User\globalStorage\redhat.java\1.42.0\config_win -data c:\Users\arbaj\AppData\Roaming\Windsurf\User\workspaceStorage\02b879abb4cc40d939587e20ca47e61a\redhat.java\jdt_ws --pipe=\\.\pipe\lsp-8c08561b3cec6b0a597be670cc9f6a8f-sock
java_class_path (initial): c:\Users\arbaj\.windsurf\extensions\redhat.java-1.42.0-win32-x64\server\plugins\org.eclipse.equinox.launcher_1.7.0.v20250424-1814.jar
Launcher Type: SUN_STANDARD

[Global flags]
    uintx AdaptiveSizePolicyWeight                 = 90                                        {product} {command line}
     intx CICompilerCount                          = 12                                        {product} {ergonomic}
    uintx GCTimeRatio                              = 4                                         {product} {command line}
     bool HeapDumpOnOutOfMemoryError               = true                                   {manageable} {command line}
    ccstr HeapDumpPath                             = c:\Users\arbaj\AppData\Roaming\Windsurf\User\workspaceStorage\02b879abb4cc40d939587e20ca47e61a\redhat.java         {manageable} {command line}
   size_t InitialHeapSize                          = 104857600                                 {product} {command line}
   size_t MaxHeapSize                              = 1073741824                                {product} {command line}
   size_t MaxNewSize                               = 357564416                                 {product} {ergonomic}
   size_t MinHeapDeltaBytes                        = 524288                                    {product} {ergonomic}
   size_t MinHeapSize                              = 104857600                                 {product} {command line}
   size_t NewSize                                  = 34603008                                  {product} {ergonomic}
    uintx NonNMethodCodeHeapSize                   = 7602480                                {pd product} {ergonomic}
    uintx NonProfiledCodeHeapSize                  = 122027880                              {pd product} {ergonomic}
   size_t OldSize                                  = 70254592                                  {product} {ergonomic}
    uintx ProfiledCodeHeapSize                     = 122027880                              {pd product} {ergonomic}
    uintx ReservedCodeCacheSize                    = 251658240                              {pd product} {ergonomic}
     bool SegmentedCodeCache                       = true                                      {product} {ergonomic}
   size_t SoftMaxHeapSize                          = 1073741824                             {manageable} {ergonomic}
     bool UseCompressedOops                        = true                           {product lp64_product} {ergonomic}
     bool UseLargePagesIndividualAllocation        = false                                  {pd product} {ergonomic}
     bool UseParallelGC                            = true                                      {product} {command line}

Logging:
Log output configuration:
 #0: stdout all=off uptime,level,tags foldmultilines=false
 #1: stderr all=off uptime,level,tags foldmultilines=false

Environment Variables:
JAVA_HOME=C:\Program Files\Java\jdk-21
PATH=C:\oraclexe\app\oracle\product\11.2.0\server\bin;C:\Users\arbaj\Desktop\python\Scripts\;C:\Users\arbaj\Desktop\python\;C:\Program Files\Java\jdk-21\bin;C:\Program Files\Common Files\Oracle\Java\javapath;C:\Windows\system32;C:\Windows;C:\Windows\System32\Wbem;C:\Windows\System32\WindowsPowerShell\v1.0\;C:\Windows\System32\OpenSSH\;C:\Program Files\nodejs;C:\Program Files\nodejs\;C:\Program Files\HP\HP One Agent;D:\GGo1\bin;C:\MinGW\bin;C:\Program Files\MySQL\MySQL Server 9.0\bin;C:\Program Files\MongoDB\Server\7.0\bin;C:\WINDOWS\system32;C:\WINDOWS;C:\WINDOWS\System32\Wbem;C:\WINDOWS\System32\WindowsPowerShell\v1.0\;C:\WINDOWS\System32\OpenSSH\;C:\Program Files\Microsoft VS Code\bin;E:\Git\Git\cmd;C:\Program Files\Git\cmd;C:\Users\arbaj\AppData\Local\Android\Sdk\platform-tools;C:\Program Files\MySQL\MySQL Shell 8.0\bin\;C:\Users\arbaj\AppData\Local\Microsoft\WindowsApps;C:\Program Files\nodejs;C:\Users\arbaj\AppData\Roaming\npm;C:\Users\arbaj\go\bin;C:\Users\arbaj\AppData\Local\Programs\Microsoft VS Code\bin;C:\Users\arbaj\AppData\Local\Programs\mongosh\;C:\PHP;C:\PHP\;C:\Users\arbaj\AppData\Local\Android\Sdk;C:\Users\arbaj\AppData\Local\Android\Sdk\platform-tools;C:\Users\arbaj\AppData\Local\Android\Sdk\emulator;C:\Users\arbaj\Downloads\apache-maven-3.9.9-bin\apache-maven-3.9.9\bin;C:\Users\arbaj\Downloads\apache-maven-3.9.9-bin\apache-maven-3.9.9;D:\cursor\resources\app\bin;D:\Windsurf\bin;D:\flutter_windows_3.29.3-stable\flutter;D:\flutter_windows_3.29.3-stable\flutter\bin;
USERNAME=arbaj
OS=Windows_NT
PROCESSOR_IDENTIFIER=AMD64 Family 23 Model 104 Stepping 1, AuthenticAMD
TMP=D:\Temp
TEMP=D:\Temp




Periodic native trim disabled

---------------  S Y S T E M  ---------------

OS:
 Windows 11 , 64 bit Build 26100 (10.0.26100.4202)
OS uptime: 1 days 5:41 hours

CPU: total 16 (initial active 16) (16 cores per cpu, 2 threads per core) family 23 model 104 stepping 1 microcode 0x8608104, cx8, cmov, fxsr, ht, mmx, 3dnowpref, sse, sse2, sse3, ssse3, sse4a, sse4.1, sse4.2, popcnt, lzcnt, tsc, tscinvbit, avx, avx2, aes, clmul, bmi1, bmi2, adx, sha, fma, vzeroupper, clflush, clflushopt, rdtscp, rdpid, f16c
Processor Information for the first 16 processors :
  Max Mhz: 1801, Current Mhz: 1801, Mhz Limit: 1801

Memory: 4k page, system-wide physical 7501M (603M free)
TotalPageFile size 29958M (AvailPageFile size 4M)
current process WorkingSet (physical memory assigned to process): 905M, peak: 905M
current process commit charge ("private bytes"): 949M, peak: 950M

vm_info: OpenJDK 64-Bit Server VM (21.0.7+6-LTS) for windows-amd64 JRE (21.0.7+6-LTS), built on 2025-04-15T00:00:00Z by "admin" with MS VC++ 17.7 (VS2022)

END.
